This is XeTeX, Version 3.141592653-2.6-0.999993 (TeX Live 2021) (preloaded format=xelatex 2022.1.28)  30 JAN 2022 00:40
entering extended mode
 restricted \write18 enabled.
 %&-line parsing enabled.
**minimal.tex
(./minimal.tex
LaTeX2e <2021-11-15> patch level 1
L3 programming layer <2022-01-21> (/Users/kittipos/Library/TinyTeX/texmf-dist/t
ex/latex/base/article.cls
Document Class: article 2021/10/04 v1.4n Standard LaTeX document class
(/Users/kittipos/Library/TinyTeX/texmf-dist/tex/latex/base/size10.clo
File: size10.clo 2021/10/04 v1.4n Standard LaTeX file (size option)
)
\c@part=\count181
\c@section=\count182
\c@subsection=\count183
\c@subsubsection=\count184
\c@paragraph=\count185
\c@subparagraph=\count186
\c@figure=\count187
\c@table=\count188
\abovecaptionskip=\skip47
\belowcaptionskip=\skip48
\bibindent=\dimen138
) (/Users/kittipos/Library/TinyTeX/texmf-dist/tex/latex/amsmath/amsmath.sty
Package: amsmath 2021/10/15 v2.17l AMS math features
\@mathmargin=\skip49
For additional information on amsmath, use the `?' option.
(/Users/kittipos/Library/TinyTeX/texmf-dist/tex/latex/amsmath/amstext.sty
Package: amstext 2021/08/26 v2.01 AMS text
(/Users/kittipos/Library/TinyTeX/texmf-dist/tex/latex/amsmath/amsgen.sty
File: amsgen.sty 1999/11/30 v2.0 generic functions
\@emptytoks=\toks16
\ex@=\dimen139
)) (/Users/kittipos/Library/TinyTeX/texmf-dist/tex/latex/amsmath/amsbsy.sty
Package: amsbsy 1999/11/29 v1.2d Bold Symbols
\pmbraise@=\dimen140
) (/Users/kittipos/Library/TinyTeX/texmf-dist/tex/latex/amsmath/amsopn.sty
Package: amsopn 2021/08/26 v2.02 operator names
)
\inf@bad=\count189
LaTeX Info: Redefining \frac on input line 234.
\uproot@=\count190
\leftroot@=\count191
LaTeX Info: Redefining \overline on input line 399.
\classnum@=\count192
\DOTSCASE@=\count193
LaTeX Info: Redefining \ldots on input line 496.
LaTeX Info: Redefining \dots on input line 499.
LaTeX Info: Redefining \cdots on input line 620.
\Mathstrutbox@=\box50
\strutbox@=\box51
\big@size=\dimen141
LaTeX Font Info:    Redeclaring font encoding OML on input line 743.
LaTeX Font Info:    Redeclaring font encoding OMS on input line 744.
\macc@depth=\count194
\c@MaxMatrixCols=\count195
\dotsspace@=\muskip16
\c@parentequation=\count196
\dspbrk@lvl=\count197
\tag@help=\toks17
\row@=\count198
\column@=\count199
\maxfields@=\count266
\andhelp@=\toks18
\eqnshift@=\dimen142
\alignsep@=\dimen143
\tagshift@=\dimen144
\tagwidth@=\dimen145
\totwidth@=\dimen146
\lineht@=\dimen147
\@envbody=\toks19
\multlinegap=\skip50
\multlinetaggap=\skip51
\mathdisplay@stack=\toks20
LaTeX Info: Redefining \[ on input line 2938.
LaTeX Info: Redefining \] on input line 2939.
) (/Users/kittipos/Library/TinyTeX/texmf-dist/tex/latex/amsfonts/amssymb.sty
Package: amssymb 2013/01/14 v3.01 AMS font symbols
(/Users/kittipos/Library/TinyTeX/texmf-dist/tex/latex/amsfonts/amsfonts.sty
Package: amsfonts 2013/01/14 v3.01 Basic AMSFonts support
\symAMSa=\mathgroup4
\symAMSb=\mathgroup5
LaTeX Font Info:    Redeclaring math symbol \hbar on input line 98.
LaTeX Font Info:    Overwriting math alphabet `\mathfrak' in version `bold'
(Font)                  U/euf/m/n --> U/euf/b/n on input line 106.
)) (/Users/kittipos/Library/TinyTeX/texmf-dist/tex/latex/lm/lmodern.sty
Package: lmodern 2015/05/01 v1.6.1 Latin Modern Fonts
LaTeX Font Info:    Overwriting symbol font `operators' in version `normal'
(Font)                  OT1/cmr/m/n --> OT1/lmr/m/n on input line 22.
LaTeX Font Info:    Overwriting symbol font `letters' in version `normal'
(Font)                  OML/cmm/m/it --> OML/lmm/m/it on input line 23.
LaTeX Font Info:    Overwriting symbol font `symbols' in version `normal'
(Font)                  OMS/cmsy/m/n --> OMS/lmsy/m/n on input line 24.
LaTeX Font Info:    Overwriting symbol font `largesymbols' in version `normal'
(Font)                  OMX/cmex/m/n --> OMX/lmex/m/n on input line 25.
LaTeX Font Info:    Overwriting symbol font `operators' in version `bold'
(Font)                  OT1/cmr/bx/n --> OT1/lmr/bx/n on input line 26.
LaTeX Font Info:    Overwriting symbol font `letters' in version `bold'
(Font)                  OML/cmm/b/it --> OML/lmm/b/it on input line 27.
LaTeX Font Info:    Overwriting symbol font `symbols' in version `bold'
(Font)                  OMS/cmsy/b/n --> OMS/lmsy/b/n on input line 28.
LaTeX Font Info:    Overwriting symbol font `largesymbols' in version `bold'
(Font)                  OMX/cmex/m/n --> OMX/lmex/m/n on input line 29.
LaTeX Font Info:    Overwriting math alphabet `\mathbf' in version `normal'
(Font)                  OT1/cmr/bx/n --> OT1/lmr/bx/n on input line 31.
LaTeX Font Info:    Overwriting math alphabet `\mathsf' in version `normal'
(Font)                  OT1/cmss/m/n --> OT1/lmss/m/n on input line 32.
LaTeX Font Info:    Overwriting math alphabet `\mathit' in version `normal'
(Font)                  OT1/cmr/m/it --> OT1/lmr/m/it on input line 33.
LaTeX Font Info:    Overwriting math alphabet `\mathtt' in version `normal'
(Font)                  OT1/cmtt/m/n --> OT1/lmtt/m/n on input line 34.
LaTeX Font Info:    Overwriting math alphabet `\mathbf' in version `bold'
(Font)                  OT1/cmr/bx/n --> OT1/lmr/bx/n on input line 35.
LaTeX Font Info:    Overwriting math alphabet `\mathsf' in version `bold'
(Font)                  OT1/cmss/bx/n --> OT1/lmss/bx/n on input line 36.
LaTeX Font Info:    Overwriting math alphabet `\mathit' in version `bold'
(Font)                  OT1/cmr/bx/it --> OT1/lmr/bx/it on input line 37.
LaTeX Font Info:    Overwriting math alphabet `\mathtt' in version `bold'
(Font)                  OT1/cmtt/m/n --> OT1/lmtt/m/n on input line 38.
) (/Users/kittipos/Library/TinyTeX/texmf-dist/tex/generic/iftex/iftex.sty
Package: iftex 2020/03/06 v1.0d TeX engine tests
)
(/Users/kittipos/Library/TinyTeX/texmf-dist/tex/latex/unicode-math/unicode-math
.sty (/Users/kittipos/Library/TinyTeX/texmf-dist/tex/latex/l3kernel/expl3.sty
Package: expl3 2022-01-21 L3 programming layer (loader) 

(/Users/kittipos/Library/TinyTeX/texmf-dist/tex/latex/l3backend/l3backend-xetex
.def
File: l3backend-xetex.def 2022-01-12 L3 backend support: XeTeX
(|extractbb --version)
\c__kernel_sys_dvipdfmx_version_int=\count267
\l__color_backend_stack_int=\count268
\g__color_backend_stack_int=\count269
\g__graphics_track_int=\count270
\l__pdf_internal_box=\box52
\g__pdf_backend_object_int=\count271
\g__pdf_backend_annotation_int=\count272
\g__pdf_backend_link_int=\count273
))
Package: unicode-math 2020/01/31 v0.8q Unicode maths in XeLaTeX and LuaLaTeX

(/Users/kittipos/Library/TinyTeX/texmf-dist/tex/latex/unicode-math/unicode-math
-xetex.sty
Package: unicode-math-xetex 2020/01/31 v0.8q Unicode maths in XeLaTeX and LuaLa
TeX

(/Users/kittipos/Library/TinyTeX/texmf-dist/tex/latex/l3packages/xparse/xparse.
sty
Package: xparse 2022-01-12 L3 Experimental document command parser
)
(/Users/kittipos/Library/TinyTeX/texmf-dist/tex/latex/l3packages/l3keys2e/l3key
s2e.sty
Package: l3keys2e 2022-01-12 LaTeX2e option processing using LaTeX3 keys
) (/Users/kittipos/Library/TinyTeX/texmf-dist/tex/latex/fontspec/fontspec.sty
Package: fontspec 2022/01/15 v2.8a Font selection for XeLaTeX and LuaLaTeX

(/Users/kittipos/Library/TinyTeX/texmf-dist/tex/latex/fontspec/fontspec-xetex.s
ty
Package: fontspec-xetex 2022/01/15 v2.8a Font selection for XeLaTeX and LuaLaTe
X
\l__fontspec_script_int=\count274
\l__fontspec_language_int=\count275
\l__fontspec_strnum_int=\count276
\l__fontspec_tmp_int=\count277
\l__fontspec_tmpa_int=\count278
\l__fontspec_tmpb_int=\count279
\l__fontspec_tmpc_int=\count280
\l__fontspec_em_int=\count281
\l__fontspec_emdef_int=\count282
\l__fontspec_strong_int=\count283
\l__fontspec_strongdef_int=\count284
\l__fontspec_tmpa_dim=\dimen148
\l__fontspec_tmpb_dim=\dimen149
\l__fontspec_tmpc_dim=\dimen150
(/Users/kittipos/Library/TinyTeX/texmf-dist/tex/latex/base/fontenc.sty
Package: fontenc 2021/04/29 v2.0v Standard LaTeX package
) (/Users/kittipos/Library/TinyTeX/texmf-dist/tex/latex/fontspec/fontspec.cfg))
) (/Users/kittipos/Library/TinyTeX/texmf-dist/tex/latex/base/fix-cm.sty
Package: fix-cm 2020/11/24 v1.1t fixes to LaTeX
(/Users/kittipos/Library/TinyTeX/texmf-dist/tex/latex/base/ts1enc.def
File: ts1enc.def 2001/06/05 v3.0e (jk/car/fm) Standard LaTeX file
LaTeX Font Info:    Redeclaring font encoding TS1 on input line 47.
))
\g__um_fam_int=\count285
\g__um_fonts_used_int=\count286
\l__um_primecount_int=\count287
\g__um_primekern_muskip=\muskip17

(/Users/kittipos/Library/TinyTeX/texmf-dist/tex/latex/unicode-math/unicode-math
-table.tex))) (/Users/kittipos/Library/TinyTeX/texmf-dist/tex/latex/microtype/m
icrotype.sty
Package: microtype 2021/12/10 v3.0b Micro-typographical refinements (RS)
(/Users/kittipos/Library/TinyTeX/texmf-dist/tex/latex/graphics/keyval.sty
Package: keyval 2014/10/28 v1.15 key=value parser (DPC)
\KV@toks@=\toks21
) (/Users/kittipos/Library/TinyTeX/texmf-dist/tex/latex/etoolbox/etoolbox.sty
Package: etoolbox 2020/10/05 v2.5k e-TeX tools for LaTeX (JAW)
\etb@tempcnta=\count288
)
\MT@toks=\toks22
\MT@count=\count289
\MT@tempbox=\box53
LaTeX Info: Redefining \leftprotrusion on input line 1010.
LaTeX Info: Redefining \rightprotrusion on input line 1018.
LaTeX Info: Redefining \textls on input line 1173.
\MT@outer@kern=\dimen151
LaTeX Info: Redefining \textmicrotypecontext on input line 1759.
\MT@listname@count=\count290

(/Users/kittipos/Library/TinyTeX/texmf-dist/tex/latex/microtype/microtype-xetex
.def
File: microtype-xetex.def 2021/12/10 v3.0b Definitions specific to xetex (RS)
LaTeX Info: Redefining \lsstyle on input line 234.
)
Package microtype Info: Loading configuration file microtype.cfg.
(/Users/kittipos/Library/TinyTeX/texmf-dist/tex/latex/microtype/microtype.cfg
File: microtype.cfg 2021/12/10 v3.0b microtype main configuration file (RS)
)) (/Users/kittipos/Library/TinyTeX/texmf-dist/tex/latex/parskip/parskip.sty
Package: parskip 2021-03-14 v2.0h non-zero parskip adjustments
(/Users/kittipos/Library/TinyTeX/texmf-dist/tex/latex/kvoptions/kvoptions.sty
Package: kvoptions 2020-10-07 v3.14 Key value format for package options (HO)
(/Users/kittipos/Library/TinyTeX/texmf-dist/tex/generic/ltxcmds/ltxcmds.sty
Package: ltxcmds 2020-05-10 v1.25 LaTeX kernel commands for general use (HO)
)
(/Users/kittipos/Library/TinyTeX/texmf-dist/tex/generic/kvsetkeys/kvsetkeys.sty
Package: kvsetkeys 2019/12/15 v1.18 Key value parser (HO)
))) (/Users/kittipos/Library/TinyTeX/texmf-dist/tex/latex/xcolor/xcolor.sty
Package: xcolor 2021/10/31 v2.13 LaTeX color extensions (UK)
(/Users/kittipos/Library/TinyTeX/texmf-dist/tex/latex/graphics-cfg/color.cfg
File: color.cfg 2016/01/02 v1.6 sample color configuration
)
Package xcolor Info: Driver file: xetex.def on input line 227.
(/Users/kittipos/Library/TinyTeX/texmf-dist/tex/latex/graphics-def/xetex.def
File: xetex.def 2021/03/18 v5.0k Graphics/color driver for xetex
)
Package xcolor Info: Model `cmy' substituted by `cmy0' on input line 1352.
Package xcolor Info: Model `RGB' extended on input line 1368.
Package xcolor Info: Model `HTML' substituted by `rgb' on input line 1370.
Package xcolor Info: Model `Hsb' substituted by `hsb' on input line 1371.
Package xcolor Info: Model `tHsb' substituted by `hsb' on input line 1372.
Package xcolor Info: Model `HSB' substituted by `hsb' on input line 1373.
Package xcolor Info: Model `Gray' substituted by `gray' on input line 1374.
Package xcolor Info: Model `wave' substituted by `hsb' on input line 1375.
) (/Users/kittipos/Library/TinyTeX/texmf-dist/tex/latex/hyperref/hyperref.sty
Package: hyperref 2021-06-07 v7.00m Hypertext links for LaTeX

(/Users/kittipos/Library/TinyTeX/texmf-dist/tex/generic/pdftexcmds/pdftexcmds.s
ty
Package: pdftexcmds 2020-06-27 v0.33 Utility functions of pdfTeX for LuaTeX (HO
)

(/Users/kittipos/Library/TinyTeX/texmf-dist/tex/generic/infwarerr/infwarerr.sty
Package: infwarerr 2019/12/03 v1.5 Providing info/warning/error messages (HO)
)
Package pdftexcmds Info: \pdf@primitive is available.
Package pdftexcmds Info: \pdf@ifprimitive is available.
Package pdftexcmds Info: \pdfdraftmode not found.
)
(/Users/kittipos/Library/TinyTeX/texmf-dist/tex/generic/kvdefinekeys/kvdefineke
ys.sty
Package: kvdefinekeys 2019-12-19 v1.6 Define keys (HO)
)
(/Users/kittipos/Library/TinyTeX/texmf-dist/tex/generic/pdfescape/pdfescape.sty
Package: pdfescape 2019/12/09 v1.15 Implements pdfTeX's escape features (HO)
) (/Users/kittipos/Library/TinyTeX/texmf-dist/tex/latex/hycolor/hycolor.sty
Package: hycolor 2020-01-27 v1.10 Color options for hyperref/bookmark (HO)
)
(/Users/kittipos/Library/TinyTeX/texmf-dist/tex/latex/letltxmacro/letltxmacro.s
ty
Package: letltxmacro 2019/12/03 v1.6 Let assignment for LaTeX macros (HO)
) (/Users/kittipos/Library/TinyTeX/texmf-dist/tex/latex/auxhook/auxhook.sty
Package: auxhook 2019-12-17 v1.6 Hooks for auxiliary files (HO)
)
\@linkdim=\dimen152
\Hy@linkcounter=\count291
\Hy@pagecounter=\count292
(/Users/kittipos/Library/TinyTeX/texmf-dist/tex/latex/hyperref/pd1enc.def
File: pd1enc.def 2021-06-07 v7.00m Hyperref: PDFDocEncoding definition (HO)
)
(/Users/kittipos/Library/TinyTeX/texmf-dist/tex/latex/hyperref/hyperref-langpat
ches.def
File: hyperref-langpatches.def 2021-06-07 v7.00m Hyperref: patches for babel la
nguages
) (/Users/kittipos/Library/TinyTeX/texmf-dist/tex/generic/intcalc/intcalc.sty
Package: intcalc 2019/12/15 v1.3 Expandable calculations with integers (HO)
) (/Users/kittipos/Library/TinyTeX/texmf-dist/tex/generic/etexcmds/etexcmds.sty
Package: etexcmds 2019/12/15 v1.7 Avoid name clashes with e-TeX commands (HO)
)
\Hy@SavedSpaceFactor=\count293
(/Users/kittipos/Library/TinyTeX/texmf-dist/tex/latex/hyperref/puenc.def
File: puenc.def 2021-06-07 v7.00m Hyperref: PDF Unicode definition (HO)
)
Package hyperref Info: Option `unicode' set `true' on input line 4073.
Package hyperref Info: Hyper figures OFF on input line 4192.
Package hyperref Info: Link nesting OFF on input line 4197.
Package hyperref Info: Hyper index ON on input line 4200.
Package hyperref Info: Plain pages OFF on input line 4207.
Package hyperref Info: Backreferencing OFF on input line 4212.
Package hyperref Info: Implicit mode ON; LaTeX internals redefined.
Package hyperref Info: Bookmarks ON on input line 4445.
\c@Hy@tempcnt=\count294
(/Users/kittipos/Library/TinyTeX/texmf-dist/tex/latex/url/url.sty
\Urlmuskip=\muskip18
Package: url 2013/09/16  ver 3.4  Verb mode for urls, etc.
)
LaTeX Info: Redefining \url on input line 4804.
\XeTeXLinkMargin=\dimen153
(/Users/kittipos/Library/TinyTeX/texmf-dist/tex/generic/bitset/bitset.sty
Package: bitset 2019/12/09 v1.3 Handle bit-vector datatype (HO)

(/Users/kittipos/Library/TinyTeX/texmf-dist/tex/generic/bigintcalc/bigintcalc.s
ty
Package: bigintcalc 2019/12/15 v1.5 Expandable calculations on big integers (HO
)
))
\Fld@menulength=\count295
\Field@Width=\dimen154
\Fld@charsize=\dimen155
Package hyperref Info: Hyper figures OFF on input line 6076.
Package hyperref Info: Link nesting OFF on input line 6081.
Package hyperref Info: Hyper index ON on input line 6084.
Package hyperref Info: backreferencing OFF on input line 6091.
Package hyperref Info: Link coloring OFF on input line 6096.
Package hyperref Info: Link coloring with OCG OFF on input line 6101.
Package hyperref Info: PDF/A mode OFF on input line 6106.
LaTeX Info: Redefining \ref on input line 6146.
LaTeX Info: Redefining \pageref on input line 6150.
(/Users/kittipos/Library/TinyTeX/texmf-dist/tex/latex/base/atbegshi-ltx.sty
Package: atbegshi-ltx 2021/01/10 v1.0c Emulation of the original atbegshi
package with kernel methods
)
\Hy@abspage=\count296
\c@Item=\count297
\c@Hfootnote=\count298
)
Package hyperref Info: Driver (autodetected): hxetex.
(/Users/kittipos/Library/TinyTeX/texmf-dist/tex/latex/hyperref/hxetex.def
File: hxetex.def 2021-06-07 v7.00m Hyperref driver for XeTeX

(/Users/kittipos/Library/TinyTeX/texmf-dist/tex/generic/stringenc/stringenc.sty
Package: stringenc 2019/11/29 v1.12 Convert strings between diff. encodings (HO
)
)
\pdfm@box=\box54
\c@Hy@AnnotLevel=\count299
\HyField@AnnotCount=\count300
\Fld@listcount=\count301
\c@bookmark@seq@number=\count302

(/Users/kittipos/Library/TinyTeX/texmf-dist/tex/latex/rerunfilecheck/rerunfilec
heck.sty
Package: rerunfilecheck 2019/12/05 v1.9 Rerun checks for auxiliary files (HO)
(/Users/kittipos/Library/TinyTeX/texmf-dist/tex/latex/base/atveryend-ltx.sty
Package: atveryend-ltx 2020/08/19 v1.0a Emulation of the original atveryend pac
kage
with kernel methods
)
(/Users/kittipos/Library/TinyTeX/texmf-dist/tex/generic/uniquecounter/uniquecou
nter.sty
Package: uniquecounter 2019/12/15 v1.4 Provide unlimited unique counter (HO)
)
Package uniquecounter Info: New unique counter `rerunfilecheck' on input line 2
86.
)
\Hy@SectionHShift=\skip52
) (/Users/kittipos/Library/TinyTeX/texmf-dist/tex/latex/geometry/geometry.sty
Package: geometry 2020/01/02 v5.9 Page Geometry
(/Users/kittipos/Library/TinyTeX/texmf-dist/tex/generic/iftex/ifvtex.sty
Package: ifvtex 2019/10/25 v1.7 ifvtex legacy package. Use iftex instead.
)
\Gm@cnth=\count303
\Gm@cntv=\count304
\c@Gm@tempcnt=\count305
\Gm@bindingoffset=\dimen156
\Gm@wd@mp=\dimen157
\Gm@odd@mp=\dimen158
\Gm@even@mp=\dimen159
\Gm@layoutwidth=\dimen160
\Gm@layoutheight=\dimen161
\Gm@layouthoffset=\dimen162
\Gm@layoutvoffset=\dimen163
\Gm@dimlist=\toks23
) (/Users/kittipos/Library/TinyTeX/texmf-dist/tex/latex/tools/longtable.sty
Package: longtable 2021-09-01 v4.17 Multi-page Table package (DPC)
\LTleft=\skip53
\LTright=\skip54
\LTpre=\skip55
\LTpost=\skip56
\LTchunksize=\count306
\LTcapwidth=\dimen164
\LT@head=\box55
\LT@firsthead=\box56
\LT@foot=\box57
\LT@lastfoot=\box58
\LT@gbox=\box59
\LT@cols=\count307
\LT@rows=\count308
\c@LT@tables=\count309
\c@LT@chunks=\count310
\LT@p@ftn=\toks24
) (/Users/kittipos/Library/TinyTeX/texmf-dist/tex/latex/booktabs/booktabs.sty
Package: booktabs 2020/01/12 v1.61803398 Publication quality tables
\heavyrulewidth=\dimen165
\lightrulewidth=\dimen166
\cmidrulewidth=\dimen167
\belowrulesep=\dimen168
\belowbottomsep=\dimen169
\aboverulesep=\dimen170
\abovetopsep=\dimen171
\cmidrulesep=\dimen172
\cmidrulekern=\dimen173
\defaultaddspace=\dimen174
\@cmidla=\count311
\@cmidlb=\count312
\@aboverulesep=\dimen175
\@belowrulesep=\dimen176
\@thisruleclass=\count313
\@lastruleclass=\count314
\@thisrulewidth=\dimen177
) (/Users/kittipos/Library/TinyTeX/texmf-dist/tex/latex/tools/array.sty
Package: array 2021/10/04 v2.5f Tabular extension package (FMi)
\col@sep=\dimen178
\ar@mcellbox=\box60
\extrarowheight=\dimen179
\NC@list=\toks25
\extratabsurround=\skip57
\backup@length=\skip58
\ar@cellbox=\box61
) (/Users/kittipos/Library/TinyTeX/texmf-dist/tex/latex/tools/calc.sty
Package: calc 2017/05/25 v4.3 Infix arithmetic (KKT,FJ)
\calc@Acount=\count315
\calc@Bcount=\count316
\calc@Adimen=\dimen180
\calc@Bdimen=\dimen181
\calc@Askip=\skip59
\calc@Bskip=\skip60
LaTeX Info: Redefining \setlength on input line 80.
LaTeX Info: Redefining \addtolength on input line 81.
\calc@Ccount=\count317
\calc@Cskip=\skip61
) (/Users/kittipos/Library/TinyTeX/texmf-dist/tex/latex/mdwtools/footnote.sty
Package: footnote 1997/01/28 1.13 Save footnotes around boxes
\fn@notes=\box62
\fn@width=\dimen182
) (/Users/kittipos/Library/TinyTeX/texmf-dist/tex/latex/graphics/graphicx.sty
Package: graphicx 2021/09/16 v1.2d Enhanced LaTeX Graphics (DPC,SPQR)
(/Users/kittipos/Library/TinyTeX/texmf-dist/tex/latex/graphics/graphics.sty
Package: graphics 2021/03/04 v1.4d Standard LaTeX Graphics (DPC,SPQR)
(/Users/kittipos/Library/TinyTeX/texmf-dist/tex/latex/graphics/trig.sty
Package: trig 2021/08/11 v1.11 sin cos tan (DPC)
)
(/Users/kittipos/Library/TinyTeX/texmf-dist/tex/latex/graphics-cfg/graphics.cfg
File: graphics.cfg 2016/06/04 v1.11 sample graphics configuration
)
Package graphics Info: Driver file: xetex.def on input line 107.
)
\Gin@req@height=\dimen183
\Gin@req@width=\dimen184
)

Package fontspec Info: TH Sarabun New scale = 1.434871390470329.


Package fontspec Info: TH Sarabun New scale = 1.434871390470329.


Package fontspec Info: TH Sarabun New/B scale = 1.434871390470329.


Package fontspec Info: TH Sarabun New/I scale = 1.434871390470329.


Package fontspec Info: TH Sarabun New/BI scale = 1.434871390470329.


Package fontspec Info: Font family 'THSarabunNew(0)' created for font 'TH
(fontspec)             Sarabun New' with options
(fontspec)             [Mapping=tex-text,Scale=MatchUppercase,Mapping=textext].

(fontspec)              
(fontspec)              This font family consists of the following NFSS
(fontspec)             series/shapes:
(fontspec)              
(fontspec)             - 'normal' (m/n) with NFSS spec.:
(fontspec)             <->s*[1.434871390470329]"TH Sarabun
(fontspec)             New/OT:script=latn;language=dflt;mapping=textext;"
(fontspec)             - 'small caps'  (m/sc) with NFSS spec.: 
(fontspec)             - 'bold' (b/n) with NFSS spec.:
(fontspec)             <->s*[1.434871390470329]"TH Sarabun
(fontspec)             New/B/OT:script=latn;language=dflt;mapping=textext;"
(fontspec)             - 'bold small caps'  (b/sc) with NFSS spec.: 
(fontspec)             - 'italic' (m/it) with NFSS spec.:
(fontspec)             <->s*[1.434871390470329]"TH Sarabun
(fontspec)             New/I/OT:script=latn;language=dflt;mapping=textext;"
(fontspec)             - 'italic small caps'  (m/scit) with NFSS spec.: 
(fontspec)             - 'bold italic' (b/it) with NFSS spec.:
(fontspec)             <->s*[1.434871390470329]"TH Sarabun
(fontspec)             New/BI/OT:script=latn;language=dflt;mapping=textext;"
(fontspec)             - 'bold italic small caps'  (b/scit) with NFSS spec.: 


(/Users/kittipos/Library/TinyTeX/texmf-dist/tex/xelatex/ucharclasses/ucharclass
es.sty
Package: ucharclasses 2021/02/16 v2.4.0 Unicode block character classes for XeL
aTeX
(/Users/kittipos/Library/TinyTeX/texmf-dist/tex/generic/iftex/ifxetex.sty
Package: ifxetex 2019/10/25 v0.7 ifxetex legacy package. Use iftex instead.
)
\AlphabeticPresentationFormsClass=\XeTeXcharclass1
\BasicLatinClass=\XeTeXcharclass2
\LatinExtendedAdditionalClass=\XeTeXcharclass3
\LatinExtendedAClass=\XeTeXcharclass4
\LatinExtendedBClass=\XeTeXcharclass5
\LatinExtendedCClass=\XeTeXcharclass6
\LatinExtendedDClass=\XeTeXcharclass7
\LatinSupplementClass=\XeTeXcharclass8
\ThaiClass=\XeTeXcharclass9
\LatinExtendedEClass=\XeTeXcharclass10
) (/Users/kittipos/Library/TinyTeX/texmf-dist/tex/latex/setspace/setspace.sty
Package: setspace 2011/12/19 v6.7a set line spacing
)
(/Users/kittipos/Library/TinyTeX/texmf-dist/tex/latex/polyglossia/polyglossia.s
ty
Package: polyglossia 2021/04/12 v1.53 Modern multilingual typesetting with XeLa
TeX and LuaLaTeX
(/Users/kittipos/Library/TinyTeX/texmf-dist/tex/latex/makecmds/makecmds.sty
Package: makecmds 2009/09/03 v1.0a extra command making commands
) (/Users/kittipos/Library/TinyTeX/texmf-dist/tex/latex/xkeyval/xkeyval.sty
Package: xkeyval 2020/11/20 v2.8 package option processing (HA)
(/Users/kittipos/Library/TinyTeX/texmf-dist/tex/generic/xkeyval/xkeyval.tex (/U
sers/kittipos/Library/TinyTeX/texmf-dist/tex/generic/xkeyval/xkvutils.tex
\XKV@toks=\toks26
\XKV@tempa@toks=\toks27
)
\XKV@depth=\count318
File: xkeyval.tex 2014/12/03 v2.7a key=value parser (HA)
))

LaTeX hooks Warning: Generic hook 'file/after/tracklang.sty' is deprecated.
(hooks)              Use hook 'file/tracklang.sty/after' instead.


LaTeX hooks Warning: Generic hook 'package/after/bidi' is deprecated.
(hooks)              Use hook 'package/bidi/after' instead.


LaTeX hooks Warning: Generic hook 'package/after/luabidi' is deprecated.
(hooks)              Use hook 'package/luabidi/after' instead.

\xpg@normalclass=\XeTeXcharclass11

(/Users/kittipos/Library/TinyTeX/texmf-dist/tex/latex/polyglossia/gloss-latex.l
df
File: gloss-latex.ldf polyglossia: module for default language
The property list \polyglossia@langsetup contains the pairs (without outer
braces):
>  {latex/script}  =>  {latin}
>  {latex/lcscript}  =>  {latin}
>  {latex/scripttag}  =>  {}
>  {latex/language}  =>  {Latex}
>  {latex/langtag}  =>  {ENG}
>  {latex/bcp47}  =>  {}
>  {latex/hyphennames}  =>  {english}
>  {latex/direction}  =>  {LR}
>  {latex/hyphenmins}  =>  {2,3}
>  {latex/frenchspacing}  =>  {false}
>  {latex/indentfirst}  =>  {false}
>  {latex/fontsetup}  =>  {true}
>  {latex/envname}  =>  {latex}
>  {latex/babelname}  =>  {latex}
>  {latex/localnumeral}  =>  {polyglossia@C@localnumeral}
>  {latex/Localnumeral}  =>  {polyglossia@C@localnumeral}.
)
Package polyglossia Info: Default language is latex.
)
(/Users/kittipos/Library/TinyTeX/texmf-dist/tex/latex/polyglossia/gloss-english
.ldf
File: gloss-english.ldf polyglossia: module for english
The property list \polyglossia@langsetup contains the pairs (without outer
braces):
>  {latex/script}  =>  {latin}
>  {latex/lcscript}  =>  {latin}
>  {latex/scripttag}  =>  {}
>  {latex/language}  =>  {Latex}
>  {latex/langtag}  =>  {ENG}
>  {latex/bcp47}  =>  {}
>  {latex/hyphennames}  =>  {english}
>  {latex/direction}  =>  {LR}
>  {latex/hyphenmins}  =>  {2,3}
>  {latex/frenchspacing}  =>  {false}
>  {latex/indentfirst}  =>  {false}
>  {latex/fontsetup}  =>  {true}
>  {latex/envname}  =>  {latex}
>  {latex/babelname}  =>  {latex}
>  {latex/localnumeral}  =>  {polyglossia@C@localnumeral}
>  {latex/Localnumeral}  =>  {polyglossia@C@localnumeral}
>  {english/script}  =>  {latin}
>  {english/lcscript}  =>  {latin}
>  {english/scripttag}  =>  {}
>  {english/language}  =>  {English}
>  {english/langtag}  =>  {ENG}
>  {english/bcp47}  =>  {en-US}
>  {english/hyphennames}  =>  {english,american,usenglish,USenglish}
>  {english/direction}  =>  {LR}
>  {english/hyphenmins}  =>  {2,3}
>  {english/frenchspacing}  =>  {false}
>  {english/indentfirst}  =>  {false}
>  {english/fontsetup}  =>  {true}
>  {english/envname}  =>  {english}
>  {english/babelname}  =>  {english}
>  {english/localnumeral}  =>  {polyglossia@C@localnumeral}
>  {english/Localnumeral}  =>  {polyglossia@C@localnumeral}.
Package polyglossia Info: Option: English, variant=american.
)
Package polyglossia Info: Default language is english.

(/Users/kittipos/Library/TinyTeX/texmf-dist/tex/latex/polyglossia/gloss-thai.ld
f
File: gloss-thai.ldf polyglossia: module for thai
The property list \polyglossia@langsetup contains the pairs (without outer
braces):
>  {latex/script}  =>  {latin}
>  {latex/lcscript}  =>  {latin}
>  {latex/scripttag}  =>  {}
>  {latex/language}  =>  {Latex}
>  {latex/langtag}  =>  {ENG}
>  {latex/bcp47}  =>  {}
>  {latex/hyphennames}  =>  {english}
>  {latex/direction}  =>  {LR}
>  {latex/hyphenmins}  =>  {2,3}
>  {latex/frenchspacing}  =>  {false}
>  {latex/indentfirst}  =>  {false}
>  {latex/fontsetup}  =>  {true}
>  {latex/envname}  =>  {latex}
>  {latex/babelname}  =>  {latex}
>  {latex/localnumeral}  =>  {polyglossia@C@localnumeral}
>  {latex/Localnumeral}  =>  {polyglossia@C@localnumeral}
>  {english/script}  =>  {latin}
>  {english/lcscript}  =>  {latin}
>  {english/scripttag}  =>  {}
>  {english/language}  =>  {English}
>  {english/langtag}  =>  {ENG}
>  {english/bcp47}  =>  {en-US}
>  {english/hyphennames}  =>  {english,american,usenglish,USenglish}
>  {english/direction}  =>  {LR}
>  {english/hyphenmins}  =>  {2,3}
>  {english/frenchspacing}  =>  {false}
>  {english/indentfirst}  =>  {false}
>  {english/fontsetup}  =>  {true}
>  {english/envname}  =>  {english}
>  {english/babelname}  =>  {american}
>  {english/localnumeral}  =>  {polyglossia@C@localnumeral}
>  {english/Localnumeral}  =>  {polyglossia@C@localnumeral}
>  {thai/script}  =>  {Thai}
>  {thai/lcscript}  =>  {thai}
>  {thai/scripttag}  =>  {thai}
>  {thai/language}  =>  {Thai}
>  {thai/langtag}  =>  {THA}
>  {thai/bcp47}  =>  {th}
>  {thai/hyphennames}  =>  {nohyphenation}
>  {thai/direction}  =>  {LR}
>  {thai/hyphenmins}  =>  {2,3}
>  {thai/frenchspacing}  =>  {false}
>  {thai/indentfirst}  =>  {false}
>  {thai/fontsetup}  =>  {true}
>  {thai/envname}  =>  {thai}
>  {thai/babelname}  =>  {thai}
>  {thai/localnumeral}  =>  {thainumerals}
>  {thai/Localnumeral}  =>  {thainumerals}.
) (/Users/kittipos/Library/TinyTeX/texmf-dist/tex/latex/cite/cite.sty
LaTeX Info: Redefining \cite on input line 302.
LaTeX Info: Redefining \nocite on input line 332.
Package: cite 2015/02/27  v 5.5
)
Package hyperref Info: Option `colorlinks' set `true' on input line 114.
(./minimal.aux
LaTeX Info: Redefining \rmfamily on input line 19.
LaTeX Info: Redefining \sffamily on input line 19.
LaTeX Info: Redefining \ttfamily on input line 19.
)
\openout1 = `minimal.aux'.

LaTeX Font Info:    Checking defaults for OML/cmm/m/it on input line 125.
LaTeX Font Info:    ... okay on input line 125.
LaTeX Font Info:    Checking defaults for OMS/cmsy/m/n on input line 125.
LaTeX Font Info:    ... okay on input line 125.
LaTeX Font Info:    Checking defaults for OT1/cmr/m/n on input line 125.
LaTeX Font Info:    ... okay on input line 125.
LaTeX Font Info:    Checking defaults for T1/cmr/m/n on input line 125.
LaTeX Font Info:    ... okay on input line 125.
LaTeX Font Info:    Checking defaults for TS1/cmr/m/n on input line 125.
LaTeX Font Info:    ... okay on input line 125.
LaTeX Font Info:    Checking defaults for TU/lmr/m/n on input line 125.
LaTeX Font Info:    ... okay on input line 125.
LaTeX Font Info:    Checking defaults for OMX/cmex/m/n on input line 125.
LaTeX Font Info:    ... okay on input line 125.
LaTeX Font Info:    Checking defaults for U/cmr/m/n on input line 125.
LaTeX Font Info:    ... okay on input line 125.
LaTeX Font Info:    Checking defaults for PD1/pdf/m/n on input line 125.
LaTeX Font Info:    ... okay on input line 125.
LaTeX Font Info:    Checking defaults for PU/pdf/m/n on input line 125.
LaTeX Font Info:    ... okay on input line 125.
LaTeX Font Info:    Overwriting math alphabet `\mathrm' in version `normal'
(Font)                  OT1/lmr/m/n --> TU/lmr/m/n on input line 125.
LaTeX Font Info:    Overwriting math alphabet `\mathit' in version `normal'
(Font)                  OT1/lmr/m/it --> TU/lmr/m/it on input line 125.
LaTeX Font Info:    Overwriting math alphabet `\mathbf' in version `normal'
(Font)                  OT1/lmr/bx/n --> TU/lmr/bx/n on input line 125.
LaTeX Font Info:    Overwriting math alphabet `\mathsf' in version `normal'
(Font)                  OT1/lmss/m/n --> TU/lmss/m/n on input line 125.
LaTeX Font Info:    Overwriting math alphabet `\mathsf' in version `bold'
(Font)                  OT1/lmss/bx/n --> TU/lmss/bx/n on input line 125.
LaTeX Font Info:    Overwriting math alphabet `\mathtt' in version `normal'
(Font)                  OT1/lmtt/m/n --> TU/lmtt/m/n on input line 125.
LaTeX Font Info:    Overwriting math alphabet `\mathtt' in version `bold'
(Font)                  OT1/lmtt/m/n --> TU/lmtt/bx/n on input line 125.

Package fontspec Info: Font family 'latinmodern-math.otf(0)' created for font
(fontspec)             'latinmodern-math.otf' with options
(fontspec)             [Mapping=tex-text,BoldItalicFont={},ItalicFont={},SmallC
apsFont={},Script=Math,BoldFont={latinmodern-math.otf}].
(fontspec)              
(fontspec)              This font family consists of the following NFSS
(fontspec)             series/shapes:
(fontspec)              
(fontspec)             - 'normal' (m/n) with NFSS spec.:
(fontspec)             <->"[latinmodern-math.otf]/OT:script=math;language=dflt;
mapping=tex-text;"
(fontspec)             - 'small caps'  (m/sc) with NFSS spec.: 
(fontspec)             - 'bold' (b/n) with NFSS spec.:
(fontspec)             <->"[latinmodern-math.otf]/OT:script=math;language=dflt;
mapping=tex-text;"
(fontspec)             - 'bold small caps'  (b/sc) with NFSS spec.: 


Package fontspec Info: Font family 'latinmodern-math.otf(1)' created for font
(fontspec)             'latinmodern-math.otf' with options
(fontspec)             [Mapping=tex-text,BoldItalicFont={},ItalicFont={},SmallC
apsFont={},Script=Math,SizeFeatures={{Size=8.5-},{Size=6-8.5,Font=latinmodern-m
ath.otf,Style=MathScript},{Size=-6,Font=latinmodern-math.otf,Style=MathScriptSc
ript}},BoldFont={latinmodern-math.otf}].
(fontspec)              
(fontspec)              This font family consists of the following NFSS
(fontspec)             series/shapes:
(fontspec)              
(fontspec)             - 'normal' (m/n) with NFSS spec.:
(fontspec)             <8.5->"[latinmodern-math.otf]/OT:script=math;language=df
lt;mapping=tex-text;"<6-8.5>"[latinmodern-math.otf]/OT:script=math;language=dfl
t;+ssty=0;mapping=tex-text;"<-6>"[latinmodern-math.otf]/OT:script=math;language
=dflt;+ssty=1;mapping=tex-text;"
(fontspec)             - 'small caps'  (m/sc) with NFSS spec.: 
(fontspec)             - 'bold' (b/n) with NFSS spec.:
(fontspec)             <->"[latinmodern-math.otf]/OT:script=math;language=dflt;
mapping=tex-text;"
(fontspec)             - 'bold small caps'  (b/sc) with NFSS spec.: 

LaTeX Font Info:    Encoding `OT1' has changed to `TU' for symbol font
(Font)              `operators' in the math version `normal' on input line 125.

LaTeX Font Info:    Overwriting symbol font `operators' in version `normal'
(Font)                  OT1/lmr/m/n --> TU/latinmodern-math.otf(1)/m/n on input
 line 125.
LaTeX Font Info:    Encoding `OT1' has changed to `TU' for symbol font
(Font)              `operators' in the math version `bold' on input line 125.
LaTeX Font Info:    Overwriting symbol font `operators' in version `bold'
(Font)                  OT1/lmr/bx/n --> TU/latinmodern-math.otf(1)/b/n on inpu
t line 125.

Package fontspec Info: latinmodern-math scale = 1.0001.


Package fontspec Info: latinmodern-math scale = 1.0001.


Package fontspec Info: latinmodern-math scale = 1.0001.


Package fontspec Info: latinmodern-math scale = 1.0001.


Package fontspec Info: latinmodern-math scale = 1.0001.


Package fontspec Info: Font family 'latinmodern-math.otf(2)' created for font
(fontspec)             'latinmodern-math.otf' with options
(fontspec)             [Mapping=tex-text,BoldItalicFont={},ItalicFont={},SmallC
apsFont={},Script=Math,SizeFeatures={{Size=8.5-},{Size=6-8.5,Font=latinmodern-m
ath.otf,Style=MathScript},{Size=-6,Font=latinmodern-math.otf,Style=MathScriptSc
ript}},BoldFont={latinmodern-math.otf},ScaleAgain=1.0001,FontAdjustment={\fontd
imen
(fontspec)             8\font =6.77pt\relax \fontdimen 9\font =3.94pt\relax
(fontspec)             \fontdimen 10\font =4.44pt\relax \fontdimen 11\font
(fontspec)             =6.86pt\relax \fontdimen 12\font =3.45pt\relax
(fontspec)             \fontdimen 13\font =3.63pt\relax \fontdimen 14\font
(fontspec)             =3.63pt\relax \fontdimen 15\font =2.89pt\relax
(fontspec)             \fontdimen 16\font =2.47pt\relax \fontdimen 17\font
(fontspec)             =2.47pt\relax \fontdimen 18\font =2.5pt\relax
(fontspec)             \fontdimen 19\font =2.0pt\relax \fontdimen 22\font
(fontspec)             =2.5pt\relax \fontdimen 20\font =0pt\relax \fontdimen
(fontspec)             21\font =0pt\relax }].
(fontspec)              
(fontspec)              This font family consists of the following NFSS
(fontspec)             series/shapes:
(fontspec)              
(fontspec)             - 'normal' (m/n) with NFSS spec.:
(fontspec)             <8.5->s*[1.0001]"[latinmodern-math.otf]/OT:script=math;l
anguage=dflt;mapping=tex-text;"<6-8.5>s*[1.0001]"[latinmodern-math.otf]/OT:scri
pt=math;language=dflt;+ssty=0;mapping=tex-text;"<-6>s*[1.0001]"[latinmodern-mat
h.otf]/OT:script=math;language=dflt;+ssty=1;mapping=tex-text;"
(fontspec)             - 'small caps'  (m/sc) with NFSS spec.: 
(fontspec)             and font adjustment code:
(fontspec)             \fontdimen 8\font =6.77pt\relax \fontdimen 9\font
(fontspec)             =3.94pt\relax \fontdimen 10\font =4.44pt\relax
(fontspec)             \fontdimen 11\font =6.86pt\relax \fontdimen 12\font
(fontspec)             =3.45pt\relax \fontdimen 13\font =3.63pt\relax
(fontspec)             \fontdimen 14\font =3.63pt\relax \fontdimen 15\font
(fontspec)             =2.89pt\relax \fontdimen 16\font =2.47pt\relax
(fontspec)             \fontdimen 17\font =2.47pt\relax \fontdimen 18\font
(fontspec)             =2.5pt\relax \fontdimen 19\font =2.0pt\relax \fontdimen
(fontspec)             22\font =2.5pt\relax \fontdimen 20\font =0pt\relax
(fontspec)             \fontdimen 21\font =0pt\relax 
(fontspec)             - 'bold' (b/n) with NFSS spec.:
(fontspec)             <->s*[1.0001]"[latinmodern-math.otf]/OT:script=math;lang
uage=dflt;mapping=tex-text;"
(fontspec)             - 'bold small caps'  (b/sc) with NFSS spec.: 
(fontspec)             and font adjustment code:
(fontspec)             \fontdimen 8\font =6.77pt\relax \fontdimen 9\font
(fontspec)             =3.94pt\relax \fontdimen 10\font =4.44pt\relax
(fontspec)             \fontdimen 11\font =6.86pt\relax \fontdimen 12\font
(fontspec)             =3.45pt\relax \fontdimen 13\font =3.63pt\relax
(fontspec)             \fontdimen 14\font =3.63pt\relax \fontdimen 15\font
(fontspec)             =2.89pt\relax \fontdimen 16\font =2.47pt\relax
(fontspec)             \fontdimen 17\font =2.47pt\relax \fontdimen 18\font
(fontspec)             =2.5pt\relax \fontdimen 19\font =2.0pt\relax \fontdimen
(fontspec)             22\font =2.5pt\relax \fontdimen 20\font =0pt\relax
(fontspec)             \fontdimen 21\font =0pt\relax 

LaTeX Font Info:    Encoding `OMS' has changed to `TU' for symbol font
(Font)              `symbols' in the math version `normal' on input line 125.
LaTeX Font Info:    Overwriting symbol font `symbols' in version `normal'
(Font)                  OMS/lmsy/m/n --> TU/latinmodern-math.otf(2)/m/n on inpu
t line 125.
LaTeX Font Info:    Encoding `OMS' has changed to `TU' for symbol font
(Font)              `symbols' in the math version `bold' on input line 125.
LaTeX Font Info:    Overwriting symbol font `symbols' in version `bold'
(Font)                  OMS/lmsy/b/n --> TU/latinmodern-math.otf(2)/b/n on inpu
t line 125.

Package fontspec Info: latinmodern-math scale = 0.9999.


Package fontspec Info: latinmodern-math scale = 0.9999.


Package fontspec Info: latinmodern-math scale = 0.9999.


Package fontspec Info: latinmodern-math scale = 0.9999.


Package fontspec Info: latinmodern-math scale = 0.9999.


Package fontspec Info: Font family 'latinmodern-math.otf(3)' created for font
(fontspec)             'latinmodern-math.otf' with options
(fontspec)             [Mapping=tex-text,BoldItalicFont={},ItalicFont={},SmallC
apsFont={},Script=Math,SizeFeatures={{Size=8.5-},{Size=6-8.5,Font=latinmodern-m
ath.otf,Style=MathScript},{Size=-6,Font=latinmodern-math.otf,Style=MathScriptSc
ript}},BoldFont={latinmodern-math.otf},ScaleAgain=0.9999,FontAdjustment={\fontd
imen
(fontspec)             8\font =0.4pt\relax \fontdimen 9\font =2.0pt\relax
(fontspec)             \fontdimen 10\font =1.67pt\relax \fontdimen 11\font
(fontspec)             =1.11pt\relax \fontdimen 12\font =6.0pt\relax
(fontspec)             \fontdimen 13\font =0pt\relax }].
(fontspec)              
(fontspec)              This font family consists of the following NFSS
(fontspec)             series/shapes:
(fontspec)              
(fontspec)             - 'normal' (m/n) with NFSS spec.:
(fontspec)             <8.5->s*[0.9999]"[latinmodern-math.otf]/OT:script=math;l
anguage=dflt;mapping=tex-text;"<6-8.5>s*[0.9999]"[latinmodern-math.otf]/OT:scri
pt=math;language=dflt;+ssty=0;mapping=tex-text;"<-6>s*[0.9999]"[latinmodern-mat
h.otf]/OT:script=math;language=dflt;+ssty=1;mapping=tex-text;"
(fontspec)             - 'small caps'  (m/sc) with NFSS spec.: 
(fontspec)             and font adjustment code:
(fontspec)             \fontdimen 8\font =0.4pt\relax \fontdimen 9\font
(fontspec)             =2.0pt\relax \fontdimen 10\font =1.67pt\relax
(fontspec)             \fontdimen 11\font =1.11pt\relax \fontdimen 12\font
(fontspec)             =6.0pt\relax \fontdimen 13\font =0pt\relax 
(fontspec)             - 'bold' (b/n) with NFSS spec.:
(fontspec)             <->s*[0.9999]"[latinmodern-math.otf]/OT:script=math;lang
uage=dflt;mapping=tex-text;"
(fontspec)             - 'bold small caps'  (b/sc) with NFSS spec.: 
(fontspec)             and font adjustment code:
(fontspec)             \fontdimen 8\font =0.4pt\relax \fontdimen 9\font
(fontspec)             =2.0pt\relax \fontdimen 10\font =1.67pt\relax
(fontspec)             \fontdimen 11\font =1.11pt\relax \fontdimen 12\font
(fontspec)             =6.0pt\relax \fontdimen 13\font =0pt\relax 

LaTeX Font Info:    Encoding `OMX' has changed to `TU' for symbol font
(Font)              `largesymbols' in the math version `normal' on input line 1
25.
LaTeX Font Info:    Overwriting symbol font `largesymbols' in version `normal'
(Font)                  OMX/lmex/m/n --> TU/latinmodern-math.otf(3)/m/n on inpu
t line 125.
LaTeX Font Info:    Encoding `OMX' has changed to `TU' for symbol font
(Font)              `largesymbols' in the math version `bold' on input line 125
.
LaTeX Font Info:    Overwriting symbol font `largesymbols' in version `bold'
(Font)                  OMX/lmex/m/n --> TU/latinmodern-math.otf(3)/b/n on inpu
t line 125.
LaTeX Info: Redefining \microtypecontext on input line 125.
Package microtype Info: Applying patch `item' on input line 125.
Package microtype Info: Applying patch `toc' on input line 125.
Package microtype Info: Applying patch `eqnum' on input line 125.

Package microtype Warning: Unable to apply patch `footnote' on input line 125.

Package microtype Info: Character protrusion enabled (level 2).
Package microtype Info: Using protrusion set `basicmath'.
Package microtype Info: No adjustment of tracking.
Package microtype Info: No adjustment of spacing.
Package microtype Info: No adjustment of kerning.

(/Users/kittipos/Library/TinyTeX/texmf-dist/tex/latex/microtype/mt-LatinModernR
oman.cfg
File: mt-LatinModernRoman.cfg 2021/02/21 v1.1 microtype config. file: Latin Mod
ern Roman (RS)
)
Package hyperref Info: Link coloring ON on input line 125.
(/Users/kittipos/Library/TinyTeX/texmf-dist/tex/latex/hyperref/nameref.sty
Package: nameref 2021-04-02 v2.47 Cross-referencing by name of section
(/Users/kittipos/Library/TinyTeX/texmf-dist/tex/latex/refcount/refcount.sty
Package: refcount 2019/12/15 v3.6 Data extraction from label references (HO)
)
(/Users/kittipos/Library/TinyTeX/texmf-dist/tex/generic/gettitlestring/gettitle
string.sty
Package: gettitlestring 2019/12/15 v1.6 Cleanup title references (HO)
)
\c@section@level=\count319
)
LaTeX Info: Redefining \ref on input line 125.
LaTeX Info: Redefining \pageref on input line 125.
LaTeX Info: Redefining \nameref on input line 125.
(./minimal.out) (./minimal.out)
\@outlinefile=\write3
\openout3 = `minimal.out'.

*geometry* driver: auto-detecting
*geometry* detected driver: xetex
*geometry* verbose mode - [ preamble ] result:
* driver: xetex
* paper: <default>
* layout: <same size as paper>
* layoutoffset:(h,v)=(0.0pt,0.0pt)
* modes: 
* h-part:(L,W,R)=(72.26999pt, 469.75502pt, 72.26999pt)
* v-part:(T,H,B)=(72.26999pt, 650.43001pt, 72.26999pt)
* \paperwidth=614.295pt
* \paperheight=794.96999pt
* \textwidth=469.75502pt
* \textheight=650.43001pt
* \oddsidemargin=0.0pt
* \evensidemargin=0.0pt
* \topmargin=-37.0pt
* \headheight=12.0pt
* \headsep=25.0pt
* \topskip=10.0pt
* \footskip=30.0pt
* \marginparwidth=65.0pt
* \marginparsep=11.0pt
* \columnsep=10.0pt
* \skip\footins=9.0pt plus 4.0pt minus 2.0pt
* \hoffset=0.0pt
* \voffset=0.0pt
* \mag=1000
* \@twocolumnfalse
* \@twosidefalse
* \@mparswitchfalse
* \@reversemarginfalse
* (1in=72.27pt=25.4mm, 1cm=28.453pt)

LaTeX Info: Redefining \rmfamily on input line 125.
LaTeX Info: Redefining \sffamily on input line 125.
LaTeX Info: Redefining \ttfamily on input line 125.
LaTeX Font Info:    Font shape `TU/THSarabunNew(0)/m/n' will be
(Font)              scaled to size 24.79463pt on input line 127.
Font mapping `textext.tec' for font `TH Sarabun New' not found.
LaTeX Font Info:    Trying to load font information for OML+lmm on input line 1
27.
(/Users/kittipos/Library/TinyTeX/texmf-dist/tex/latex/lm/omllmm.fd
File: omllmm.fd 2015/05/01 v1.6.1 Font defs for Latin Modern
)
LaTeX Font Info:    Font shape `TU/latinmodern-math.otf(2)/m/n' will be
(Font)              scaled to size 12.00128pt on input line 127.
LaTeX Font Info:    Font shape `TU/latinmodern-math.otf(2)/m/n' will be
(Font)              scaled to size 8.00085pt on input line 127.
LaTeX Font Info:    Font shape `TU/latinmodern-math.otf(2)/m/n' will be
(Font)              scaled to size 6.00064pt on input line 127.
LaTeX Font Info:    Font shape `TU/latinmodern-math.otf(3)/m/n' will be
(Font)              scaled to size 11.99872pt on input line 127.
LaTeX Font Info:    Font shape `TU/latinmodern-math.otf(3)/m/n' will be
(Font)              scaled to size 7.99915pt on input line 127.
LaTeX Font Info:    Font shape `TU/latinmodern-math.otf(3)/m/n' will be
(Font)              scaled to size 5.99936pt on input line 127.
LaTeX Font Info:    Trying to load font information for U+msa on input line 127
.
(/Users/kittipos/Library/TinyTeX/texmf-dist/tex/latex/amsfonts/umsa.fd
File: umsa.fd 2013/01/14 v3.01 AMS symbols A
) (/Users/kittipos/Library/TinyTeX/texmf-dist/tex/latex/microtype/mt-msa.cfg
File: mt-msa.cfg 2006/02/04 v1.1 microtype config. file: AMS symbols (a) (RS)
)
LaTeX Font Info:    Trying to load font information for U+msb on input line 127
.
(/Users/kittipos/Library/TinyTeX/texmf-dist/tex/latex/amsfonts/umsb.fd
File: umsb.fd 2013/01/14 v3.01 AMS symbols B
) (/Users/kittipos/Library/TinyTeX/texmf-dist/tex/latex/microtype/mt-msb.cfg
File: mt-msb.cfg 2005/06/01 v1.0 microtype config. file: AMS symbols (b) (RS)
)
LaTeX Font Info:    Font shape `TU/THSarabunNew(0)/m/n' will be
(Font)              scaled to size 17.2185pt on input line 127.
Font mapping `textext.tec' for font `TH Sarabun New' not found.
(./minimal.toc
LaTeX Info: Redefining \rmfamily on input line 1.
LaTeX Info: Redefining \sffamily on input line 1.
LaTeX Info: Redefining \ttfamily on input line 1.
LaTeX Font Info:    Font shape `TU/THSarabunNew(0)/bx/n' in size <10> not avail
able
(Font)              Font shape `TU/THSarabunNew(0)/b/n' tried instead on input 
line 2.
LaTeX Font Info:    Font shape `TU/THSarabunNew(0)/b/n' will be
(Font)              scaled to size 14.34875pt on input line 2.
Font mapping `textext.tec' for font `TH Sarabun New Bold' not found.
LaTeX Font Info:    Font shape `TU/THSarabunNew(0)/m/n' will be
(Font)              scaled to size 14.34875pt on input line 3.
Font mapping `textext.tec' for font `TH Sarabun New' not found.
LaTeX Font Info:    Font shape `TU/latinmodern-math.otf(2)/m/n' will be
(Font)              scaled to size 10.00107pt on input line 3.
LaTeX Font Info:    Font shape `TU/latinmodern-math.otf(2)/m/n' will be
(Font)              scaled to size 7.00075pt on input line 3.
LaTeX Font Info:    Font shape `TU/latinmodern-math.otf(2)/m/n' will be
(Font)              scaled to size 5.00053pt on input line 3.
LaTeX Font Info:    Font shape `TU/latinmodern-math.otf(3)/m/n' will be
(Font)              scaled to size 9.99893pt on input line 3.
LaTeX Font Info:    Font shape `TU/latinmodern-math.otf(3)/m/n' will be
(Font)              scaled to size 6.99925pt on input line 3.
LaTeX Font Info:    Font shape `TU/latinmodern-math.otf(3)/m/n' will be
(Font)              scaled to size 4.99947pt on input line 3.
)
\tf@toc=\write4
\openout4 = `minimal.toc'.

LaTeX Font Info:    Font shape `TU/THSarabunNew(0)/bx/n' in size <14.4> not ava
ilable
(Font)              Font shape `TU/THSarabunNew(0)/b/n' tried instead on input 
line 135.
LaTeX Font Info:    Font shape `TU/THSarabunNew(0)/b/n' will be
(Font)              scaled to size 20.66219pt on input line 135.
Font mapping `textext.tec' for font `TH Sarabun New Bold' not found.
LaTeX Font Info:    Font shape `TU/THSarabunNew(0)/bx/n' in size <12> not avail
able
(Font)              Font shape `TU/THSarabunNew(0)/b/n' tried instead on input 
line 140.
LaTeX Font Info:    Font shape `TU/THSarabunNew(0)/b/n' will be
(Font)              scaled to size 17.2185pt on input line 140.
Font mapping `textext.tec' for font `TH Sarabun New Bold' not found.
LaTeX Font Info:    Font shape `TU/THSarabunNew(0)/m/it' will be
(Font)              scaled to size 14.34875pt on input line 143.
Font mapping `textext.tec' for font `TH Sarabun New Italic' not found.
LaTeX Font Info:    Font shape `TU/THSarabunNew(0)/m/n' will be
(Font)              scaled to size 11.479pt on input line 149.
Font mapping `textext.tec' for font `TH Sarabun New' not found.
[1

]
File: images/coffee.jpg Graphic file (type bmp)
<images/coffee.jpg>
File: /Users/kittipos/Desktop/R_Programming/Bookdown/bookdown-th/minimal/images
/coffee.jpg Graphic file (type bmp)
</Users/kittipos/Desktop/R_Programming/Bookdown/bookdown-th/minimal/images/coff
ee.jpg>
[2]
The property list \polyglossia@langsetup contains the pairs (without outer
braces):
>  {latex/script}  =>  {latin}
>  {latex/lcscript}  =>  {latin}
>  {latex/scripttag}  =>  {}
>  {latex/language}  =>  {Latex}
>  {latex/langtag}  =>  {ENG}
>  {latex/bcp47}  =>  {}
>  {latex/hyphennames}  =>  {english}
>  {latex/direction}  =>  {LR}
>  {latex/hyphenmins}  =>  {2,3}
>  {latex/frenchspacing}  =>  {false}
>  {latex/indentfirst}  =>  {false}
>  {latex/fontsetup}  =>  {true}
>  {latex/envname}  =>  {latex}
>  {latex/babelname}  =>  {latex}
>  {latex/localnumeral}  =>  {polyglossia@C@localnumeral}
>  {latex/Localnumeral}  =>  {polyglossia@C@localnumeral}
>  {english/script}  =>  {latin}
>  {english/lcscript}  =>  {latin}
>  {english/scripttag}  =>  {}
>  {english/language}  =>  {English}
>  {english/langtag}  =>  {ENG}
>  {english/bcp47}  =>  {en-US}
>  {english/hyphennames}  =>  {english,american,usenglish,USenglish}
>  {english/direction}  =>  {LR}
>  {english/hyphenmins}  =>  {2,3}
>  {english/frenchspacing}  =>  {false}
>  {english/indentfirst}  =>  {false}
>  {english/fontsetup}  =>  {true}
>  {english/envname}  =>  {english}
>  {english/babelname}  =>  {american}
>  {english/localnumeral}  =>  {polyglossia@C@localnumeral}
>  {english/Localnumeral}  =>  {polyglossia@C@localnumeral}
>  {thai/script}  =>  {Thai}
>  {thai/lcscript}  =>  {thai}
>  {thai/scripttag}  =>  {thai}
>  {thai/language}  =>  {Thai}
>  {thai/langtag}  =>  {THA}
>  {thai/bcp47}  =>  {th}
>  {thai/hyphennames}  =>  {nohyphenation}
>  {thai/direction}  =>  {LR}
>  {thai/hyphenmins}  =>  {2,3}
>  {thai/frenchspacing}  =>  {false}
>  {thai/indentfirst}  =>  {false}
>  {thai/fontsetup}  =>  {true}
>  {thai/envname}  =>  {thai}
>  {thai/babelname}  =>  {thai}
>  {thai/localnumeral}  =>  {thainumerals}
>  {thai/Localnumeral}  =>  {thainumerals}.
[3] (./minimal.aux
LaTeX Info: Redefining \rmfamily on input line 19.
LaTeX Info: Redefining \sffamily on input line 19.
LaTeX Info: Redefining \ttfamily on input line 19.
)
Package rerunfilecheck Info: File `minimal.out' has not changed.
(rerunfilecheck)             Checksum: 7BCD975E067EDEB88618F6B9CCD61D4E;1051.
 ) 
Here is how much of TeX's memory you used:
 20195 strings out of 478190
 382080 string characters out of 5853721
 880715 words of memory out of 5000000
 40458 multiletter control sequences out of 15000+600000
 475846 words of font info for 98 fonts, out of 8000000 for 9000
 14 hyphenation exceptions out of 8191
 86i,8n,121p,1004b,360s stack positions out of 5000i,500n,10000p,200000b,80000s

Output written on minimal.pdf (3 pages).
